This file contains any messages produced by compilers while
running configure, to aid debugging if configure makes a mistake.

It was created by apertium-ina-spa configure 0.2.0, which was
generated by GNU Autoconf 2.69.  Invocation command line was

  $ ./configure --with-lang1=../apertium-ina --with-lang2=../apertium-spa

## --------- ##
## Platform. ##
## --------- ##

hostname = ethanchi
uname -m = x86_64
uname -r = 12.5.0
uname -s = Darwin
uname -v = Darwin Kernel Version 12.5.0: Sun Sep 29 13:33:47 PDT 2013; root:xnu-2050.48.12~1/RELEASE_X86_64

/usr/bin/uname -p = i386
/bin/uname -X     = unknown

/bin/arch              = unknown
/usr/bin/arch -k       = unknown
/usr/convex/getsysinfo = unknown
/usr/bin/hostinfo      = Mach kernel version:
	 Darwin Kernel Version 12.5.0: Sun Sep 29 13:33:47 PDT 2013; root:xnu-2050.48.12~1/RELEASE_X86_64
Kernel configured for up to 8 processors.
4 processors are physically available.
8 processors are logically available.
Processor type: i486 (Intel 80486)
Processors active: 0 1 2 3 4 5 6 7
Primary memory available: 14.00 gigabytes
Default processor set: 235 tasks, 1769 threads, 8 processors
Load average: 1.29, Mach factor: 6.70
/bin/machine           = unknown
/usr/bin/oslevel       = unknown
/bin/universe          = unknown

PATH: /Users/ethanchi/google-cloud-sdk/bin
PATH: /Users/ethanchi/.pyenv/shims
PATH: /Users/ethanchi/.pyenv/shims
PATH: /Library/Frameworks/Python.framework/Versions/2.7/bin
PATH: /opt/local/bin
PATH: /opt/local/sbin
PATH: /opt/local/bin
PATH: /opt/local/sbin
PATH: /Library/Frameworks/Python.framework/Versions/2.7/bin
PATH: /Library/Frameworks/Python.framework/Versions/Current/bin
PATH: /Users/ethanchi/.pyenv/bin
PATH: /usr/local/bin
PATH: /usr/bin
PATH: /bin
PATH: /usr/sbin
PATH: /sbin
PATH: /usr/local/bin
PATH: /opt/X11/bin
PATH: /usr/local/git/bin
PATH: /usr/local/MacGPG2/bin
PATH: /Library/TeX/texbin
PATH: /usr/local/bin


## ----------- ##
## Core tests. ##
## ----------- ##

configure:1830: checking for a BSD-compatible install
configure:1898: result: /usr/bin/install -c
configure:1909: checking whether build environment is sane
configure:1964: result: yes
configure:2115: checking for a thread-safe mkdir -p
configure:2154: result: ./install-sh -c -d
configure:2161: checking for gawk
configure:2177: found /opt/local/bin/gawk
configure:2188: result: gawk
configure:2199: checking whether make sets $(MAKE)
configure:2221: result: yes
configure:2250: checking whether make supports nested variables
configure:2267: result: yes
configure:2384: checking whether ln -s works
configure:2388: result: yes
configure:2399: checking for gawk
configure:2426: result: gawk
configure:2493: checking for pkg-config
configure:2511: found /opt/local/bin/pkg-config
configure:2523: result: /opt/local/bin/pkg-config
configure:2548: checking pkg-config is at least version 0.9.0
configure:2551: result: yes
configure:2561: checking for APERTIUM
configure:2568: $PKG_CONFIG --exists --print-errors "apertium >= 3.3.0"
configure:2571: $? = 0
configure:2585: $PKG_CONFIG --exists --print-errors "apertium >= 3.3.0"
configure:2588: $? = 0
configure:2806: result: yes
configure:2815: checking for cg-comp
configure:2833: found /usr/local/bin/cg-comp
configure:2846: result: /usr/local/bin/cg-comp
configure:2860: checking for cg-proc
configure:2878: found /usr/local/bin/cg-proc
configure:2891: result: /usr/local/bin/cg-proc
configure:2905: checking for lrx-comp
configure:2923: found /usr/local/bin/lrx-comp
configure:2936: result: /usr/local/bin/lrx-comp
configure:2950: checking for lrx-proc
configure:2968: found /usr/local/bin/lrx-proc
configure:2981: result: /usr/local/bin/lrx-proc
configure:2997: checking for gzcat
configure:3015: found /usr/bin/gzcat
configure:3027: result: /usr/bin/gzcat
configure:3494: checking that generated files are newer than configure
configure:3500: result: done
configure:3508: creating ./config.status

## ---------------------- ##
## Running config.status. ##
## ---------------------- ##

This file was extended by apertium-ina-spa config.status 0.2.0, which was
generated by GNU Autoconf 2.69.  Invocation command line was

  CONFIG_FILES    = 
  CONFIG_HEADERS  = 
  CONFIG_LINKS    = 
  CONFIG_COMMANDS = 
  $ ./config.status 

on ethanchi

config.status:790: creating Makefile

## ---------------- ##
## Cache variables. ##
## ---------------- ##

ac_cv_env_APERTIUM_CFLAGS_set=
ac_cv_env_APERTIUM_CFLAGS_value=
ac_cv_env_APERTIUM_INA_CFLAGS_set=
ac_cv_env_APERTIUM_INA_CFLAGS_value=
ac_cv_env_APERTIUM_INA_LIBS_set=
ac_cv_env_APERTIUM_INA_LIBS_value=
ac_cv_env_APERTIUM_LIBS_set=
ac_cv_env_APERTIUM_LIBS_value=
ac_cv_env_APERTIUM_SPA_CFLAGS_set=
ac_cv_env_APERTIUM_SPA_CFLAGS_value=
ac_cv_env_APERTIUM_SPA_LIBS_set=
ac_cv_env_APERTIUM_SPA_LIBS_value=
ac_cv_env_AP_LIB1_set=
ac_cv_env_AP_LIB1_value=
ac_cv_env_AP_LIB2_set=
ac_cv_env_AP_LIB2_value=
ac_cv_env_AP_SRC1_set=
ac_cv_env_AP_SRC1_value=
ac_cv_env_AP_SRC2_set=
ac_cv_env_AP_SRC2_value=
ac_cv_env_AP_SUBDIRS_set=
ac_cv_env_AP_SUBDIRS_value=
ac_cv_env_PKG_CONFIG_LIBDIR_set=
ac_cv_env_PKG_CONFIG_LIBDIR_value=
ac_cv_env_PKG_CONFIG_PATH_set=set
ac_cv_env_PKG_CONFIG_PATH_value=:/usr/local/share/pkgconfig:/usr/local/lib/pkgconfig
ac_cv_env_PKG_CONFIG_set=
ac_cv_env_PKG_CONFIG_value=
ac_cv_env_build_alias_set=
ac_cv_env_build_alias_value=
ac_cv_env_host_alias_set=
ac_cv_env_host_alias_value=
ac_cv_env_target_alias_set=
ac_cv_env_target_alias_value=
ac_cv_path_CGCOMP=/usr/local/bin/cg-comp
ac_cv_path_CGPROC=/usr/local/bin/cg-proc
ac_cv_path_LRXCOMP=/usr/local/bin/lrx-comp
ac_cv_path_LRXPROC=/usr/local/bin/lrx-proc
ac_cv_path_ZCAT=/usr/bin/gzcat
ac_cv_path_ac_pt_PKG_CONFIG=/opt/local/bin/pkg-config
ac_cv_path_install='/usr/bin/install -c'
ac_cv_prog_AWK=gawk
ac_cv_prog_make_make_set=yes
am_cv_make_support_nested_variables=yes
pkg_cv_APERTIUM_CFLAGS='-I/usr/local/include/apertium-3.4 -I/usr/local/lib/apertium-3.4/include -I/usr/local/include/lttoolbox-3.3 -I/usr/local/lib/lttoolbox-3.3/include -I/usr/localcross/target/bin/../macports/pkgs/opt/local/include/libxml2 -I/usr/local/Cellar/pcre/8.36/include -I/opt/local/include/libxml2 '
pkg_cv_APERTIUM_LIBS='-L/usr/local/lib -L/usr/localcross/target/bin/../macports/pkgs/opt/local/lib -L/usr/local/Cellar/pcre/8.36/lib -L/opt/local/lib -lapertium3 -llttoolbox3 -lxml2 -lpcre '

## ----------------- ##
## Output variables. ##
## ----------------- ##

ACLOCAL='${SHELL} /Users/ethanchi/Documents/apy/apertium-ina-spa/missing aclocal-1.14'
AMTAR='$${TAR-tar}'
AM_BACKSLASH='\'
AM_DEFAULT_V='$(AM_DEFAULT_VERBOSITY)'
AM_DEFAULT_VERBOSITY='1'
AM_V='$(V)'
APERTIUM_CFLAGS='-I/usr/local/include/apertium-3.4 -I/usr/local/lib/apertium-3.4/include -I/usr/local/include/lttoolbox-3.3 -I/usr/local/lib/lttoolbox-3.3/include -I/usr/localcross/target/bin/../macports/pkgs/opt/local/include/libxml2 -I/usr/local/Cellar/pcre/8.36/include -I/opt/local/include/libxml2 '
APERTIUM_INA_CFLAGS=''
APERTIUM_INA_LIBS=''
APERTIUM_LIBS='-L/usr/local/lib -L/usr/localcross/target/bin/../macports/pkgs/opt/local/lib -L/usr/local/Cellar/pcre/8.36/lib -L/opt/local/lib -lapertium3 -llttoolbox3 -lxml2 -lpcre '
APERTIUM_SPA_CFLAGS=''
APERTIUM_SPA_LIBS=''
AP_LIB1='../apertium-ina'
AP_LIB2='../apertium-spa'
AP_SRC1='../apertium-ina'
AP_SRC2='../apertium-spa'
AP_SUBDIRS=' ../apertium-ina ../apertium-spa'
AUTOCONF='${SHELL} /Users/ethanchi/Documents/apy/apertium-ina-spa/missing autoconf'
AUTOHEADER='${SHELL} /Users/ethanchi/Documents/apy/apertium-ina-spa/missing autoheader'
AUTOMAKE='${SHELL} /Users/ethanchi/Documents/apy/apertium-ina-spa/missing automake-1.14'
AWK='gawk'
CGCOMP='/usr/local/bin/cg-comp'
CGPROC='/usr/local/bin/cg-proc'
CYGPATH_W='echo'
DEFS='-DPACKAGE_NAME=\"apertium-ina-spa\" -DPACKAGE_TARNAME=\"apertium-ina-spa\" -DPACKAGE_VERSION=\"0.2.0\" -DPACKAGE_STRING=\"apertium-ina-spa\ 0.2.0\" -DPACKAGE_BUGREPORT=\"\" -DPACKAGE_URL=\"\"'
ECHO_C='\c'
ECHO_N=''
ECHO_T=''
INSTALL_DATA='${INSTALL} -m 644'
INSTALL_PROGRAM='${INSTALL}'
INSTALL_SCRIPT='${INSTALL}'
INSTALL_STRIP_PROGRAM='$(install_sh) -c -s'
LIBOBJS=''
LIBS=''
LN_S='ln -s'
LRXCOMP='/usr/local/bin/lrx-comp'
LRXPROC='/usr/local/bin/lrx-proc'
LTLIBOBJS=''
MAKEINFO='${SHELL} /Users/ethanchi/Documents/apy/apertium-ina-spa/missing makeinfo'
MKDIR_P='./install-sh -c -d'
PACKAGE='apertium-ina-spa'
PACKAGE_BUGREPORT=''
PACKAGE_NAME='apertium-ina-spa'
PACKAGE_STRING='apertium-ina-spa 0.2.0'
PACKAGE_TARNAME='apertium-ina-spa'
PACKAGE_URL=''
PACKAGE_VERSION='0.2.0'
PATH_SEPARATOR=':'
PKG_CONFIG='/opt/local/bin/pkg-config'
PKG_CONFIG_LIBDIR=''
PKG_CONFIG_PATH=':/usr/local/share/pkgconfig:/usr/local/lib/pkgconfig'
SET_MAKE=''
SHELL='/bin/sh'
STRIP=''
VERSION='0.2.0'
ZCAT='/usr/bin/gzcat'
am__isrc=''
am__leading_dot='.'
am__tar='$${TAR-tar} chof - "$$tardir"'
am__untar='$${TAR-tar} xf -'
bindir='${exec_prefix}/bin'
build_alias=''
datadir='${datarootdir}'
datarootdir='${prefix}/share'
docdir='${datarootdir}/doc/${PACKAGE_TARNAME}'
dvidir='${docdir}'
exec_prefix='${prefix}'
host_alias=''
htmldir='${docdir}'
includedir='${prefix}/include'
infodir='${datarootdir}/info'
install_sh='${SHELL} /Users/ethanchi/Documents/apy/apertium-ina-spa/install-sh'
libdir='${exec_prefix}/lib'
libexecdir='${exec_prefix}/libexec'
localedir='${datarootdir}/locale'
localstatedir='${prefix}/var'
mandir='${datarootdir}/man'
mkdir_p='$(MKDIR_P)'
oldincludedir='/usr/include'
pdfdir='${docdir}'
prefix='/usr/local'
program_transform_name='s,x,x,'
psdir='${docdir}'
sbindir='${exec_prefix}/sbin'
sharedstatedir='${prefix}/com'
sysconfdir='${prefix}/etc'
target_alias=''

## ------------------- ##
## File substitutions. ##
## ------------------- ##

ap_include='./ap_include.am'

## ----------- ##
## confdefs.h. ##
## ----------- ##

/* confdefs.h */
#define PACKAGE_NAME "apertium-ina-spa"
#define PACKAGE_TARNAME "apertium-ina-spa"
#define PACKAGE_VERSION "0.2.0"
#define PACKAGE_STRING "apertium-ina-spa 0.2.0"
#define PACKAGE_BUGREPORT ""
#define PACKAGE_URL ""

configure: exit 0
